<?xml version="1.0" encoding="UTF-8"?>
<!-- Generated by org.testng.reporters.JUnitReportReporter -->
<testsuite skipped="0" hostname="akshay" name="com.TestVagrant.MovieInfoTestCases.MovieDetailsCompareTest" tests="1" failures="0" timestamp="18 Nov 2022 07:25:45 GMT" time="38.156" errors="0">
  <testcase name="wikiGetMovieDetailsTest" time="38.156" classname="com.TestVagrant.MovieInfoTestCases.MovieDetailsCompareTest"/>
</testsuite> <!-- com.TestVagrant.MovieInfoTestCases.MovieDetailsCompareTest -->
