<?xml version="1.0" encoding="UTF-8"?>
<!-- Generated by org.testng.reporters.JUnitReportReporter -->
<testsuite skipped="0" hostname="akshay" name="movieInfoAutomationTestCases.MovieDetailsCompareTest" tests="3" failures="0" timestamp="13 Nov 2022 05:57:10 GMT" time="35.988" errors="0">
  <testcase name="wikiGetMovieDetailsTest" time="11.596" classname="movieInfoAutomationTestCases.MovieDetailsCompareTest"/>
  <testcase name="imdbGetMovieDetailsTest" time="19.472" classname="movieInfoAutomationTestCases.MovieDetailsCompareTest"/>
  <testcase name="verifyMovieDetailsTest" time="4.920" classname="movieInfoAutomationTestCases.MovieDetailsCompareTest"/>
</testsuite> <!-- movieInfoAutomationTestCases.MovieDetailsCompareTest -->
