<?xml version="1.0" encoding="UTF-8"?>
<!-- Generated by org.testng.reporters.JUnitReportReporter -->
<testsuite skipped="0" hostname="akshay" name="com.TestVagrant.MovieInfoTestCases.MovieDetailsCompareTest" tests="1" failures="0" timestamp="17 Nov 2022 10:01:18 GMT" time="27.277" errors="0">
  <testcase name="wikiGetMovieDetailsTest" time="27.277" classname="com.TestVagrant.MovieInfoTestCases.MovieDetailsCompareTest"/>
</testsuite> <!-- com.TestVagrant.MovieInfoTestCases.MovieDetailsCompareTest -->
