<?xml version="1.0" encoding="UTF-8"?>
<!-- Generated by org.testng.reporters.JUnitReportReporter -->
<testsuite skipped="0" hostname="akshay" name="movieInfoAutomationTestCases.MovieDetailsCompareTest" tests="3" failures="0" timestamp="12 Nov 2022 10:35:10 GMT" time="30.688" errors="0">
  <testcase name="wikiGetMovieDetailsTest" time="9.526" classname="movieInfoAutomationTestCases.MovieDetailsCompareTest"/>
  <testcase name="imdbGetMovieDetailsTest" time="18.465" classname="movieInfoAutomationTestCases.MovieDetailsCompareTest"/>
  <testcase name="verifyMovieDetailsTest" time="2.697" classname="movieInfoAutomationTestCases.MovieDetailsCompareTest"/>
</testsuite> <!-- movieInfoAutomationTestCases.MovieDetailsCompareTest -->
